2024-07-24 14:24:22.387 [restartedMain] INFO  com.example.demo.DemoApplication - Starting DemoApplication using Java 17.0.8.1 with PID 20700 (D:\mydev_workspaces\workspace_nau693\demo-logback\target\classes started by Daniel X D SHAO in D:\mydev_workspaces\workspace_nau693\demo-logback)
2024-07-24 14:24:22.389 [restartedMain] INFO  com.example.demo.DemoApplication - No active profile set, falling back to 1 default profile: "default"
2024-07-24 14:24:22.432 [restartedMain] INFO  o.s.b.d.env.DevToolsPropertyDefaultsPostProcessor - Devtools property defaults active! Set 'spring.devtools.add-properties' to 'false' to disable
2024-07-24 14:24:22.432 [restartedMain] INFO  o.s.b.d.env.DevToolsPropertyDefaultsPostProcessor - For additional web related logging consider setting the 'logging.level.web' property to 'DEBUG'
2024-07-24 14:24:23.148 [restartedMain] INFO  o.s.boot.web.embedded.tomcat.TomcatWebServer - Tomcat initialized with port 8080 (http)
2024-07-24 14:24:23.157 [restartedMain] INFO  org.apache.coyote.http11.Http11NioProtocol - Initializing ProtocolHandler ["http-nio-8080"]
2024-07-24 14:24:23.160 [restartedMain] INFO  org.apache.catalina.core.StandardService - Starting service [Tomcat]
2024-07-24 14:24:23.160 [restartedMain] INFO  org.apache.catalina.core.StandardEngine - Starting Servlet engine: [Apache Tomcat/10.1.26]
2024-07-24 14:24:23.210 [restartedMain] INFO  o.a.c.core.ContainerBase.[Tomcat].[localhost].[/] - Initializing Spring embedded WebApplicationContext
2024-07-24 14:24:23.211 [restartedMain] INFO  o.s.b.w.s.c.ServletWebServerApplicationContext - Root WebApplicationContext: initialization completed in 767 ms
2024-07-24 14:24:23.489 [restartedMain] INFO  o.s.b.d.autoconfigure.OptionalLiveReloadServer - LiveReload server is running on port 35729
2024-07-24 14:24:23.503 [restartedMain] INFO  org.apache.coyote.http11.Http11NioProtocol - Starting ProtocolHandler ["http-nio-8080"]
2024-07-24 14:24:23.547 [restartedMain] INFO  o.s.boot.web.embedded.tomcat.TomcatWebServer - Tomcat started on port 8080 (http) with context path '/'
2024-07-24 14:24:23.555 [restartedMain] INFO  com.example.demo.DemoApplication - Started DemoApplication in 1.579 seconds (process running for 2.254)
2024-07-24 14:26:54.183 [File Watcher] INFO  o.s.b.d.a.LocalDevToolsAutoConfiguration$RestartingClassPathChangeChangedEventListener - Restarting due to 1 class path change (0 additions, 0 deletions, 1 modification)
2024-07-24 14:26:54.187 [Thread-5] INFO  org.apache.coyote.http11.Http11NioProtocol - Stopping ProtocolHandler ["http-nio-8080"]
2024-07-24 14:26:54.838 [restartedMain] INFO  com.example.demo.DemoApplication - Starting DemoApplication using Java 17.0.8.1 with PID 20700 (D:\mydev_workspaces\workspace_nau693\demo-logback\target\classes started by Daniel X D SHAO in D:\mydev_workspaces\workspace_nau693\demo-logback)
2024-07-24 14:26:54.838 [restartedMain] INFO  com.example.demo.DemoApplication - No active profile set, falling back to 1 default profile: "default"
2024-07-24 14:26:54.997 [restartedMain] INFO  o.s.boot.web.embedded.tomcat.TomcatWebServer - Tomcat initialized with port 8080 (http)
2024-07-24 14:26:54.998 [restartedMain] INFO  org.apache.coyote.http11.Http11NioProtocol - Initializing ProtocolHandler ["http-nio-8080"]
2024-07-24 14:26:54.998 [restartedMain] INFO  org.apache.catalina.core.StandardService - Starting service [Tomcat]
2024-07-24 14:26:54.998 [restartedMain] INFO  org.apache.catalina.core.StandardEngine - Starting Servlet engine: [Apache Tomcat/10.1.26]
2024-07-24 14:26:55.018 [restartedMain] INFO  o.a.c.core.ContainerBase.[Tomcat].[localhost].[/] - Initializing Spring embedded WebApplicationContext
2024-07-24 14:26:55.019 [restartedMain] INFO  o.s.b.w.s.c.ServletWebServerApplicationContext - Root WebApplicationContext: initialization completed in 177 ms
2024-07-24 14:26:55.122 [restartedMain] INFO  o.s.b.d.autoconfigure.OptionalLiveReloadServer - LiveReload server is running on port 35729
2024-07-24 14:26:55.131 [restartedMain] INFO  org.apache.coyote.http11.Http11NioProtocol - Starting ProtocolHandler ["http-nio-8080"]
2024-07-24 14:26:55.139 [restartedMain] INFO  o.s.boot.web.embedded.tomcat.TomcatWebServer - Tomcat started on port 8080 (http) with context path '/'
2024-07-24 14:26:55.151 [restartedMain] INFO  com.example.demo.DemoApplication - Started DemoApplication in 0.35 seconds (process running for 153.85)
2024-07-24 14:26:55.153 [restartedMain] INFO  o.s.b.d.a.ConditionEvaluationDeltaLoggingListener - Condition evaluation unchanged
2024-07-24 14:36:54.740 [File Watcher] INFO  o.s.b.d.a.LocalDevToolsAutoConfiguration$RestartingClassPathChangeChangedEventListener - Restarting due to 3 class path changes (2 additions, 0 deletions, 1 modification)
2024-07-24 14:36:54.742 [Thread-7] INFO  org.apache.coyote.http11.Http11NioProtocol - Stopping ProtocolHandler ["http-nio-8080"]
2024-07-24 14:36:55.324 [restartedMain] INFO  com.example.demo.DemoApplication - Starting DemoApplication using Java 17.0.8.1 with PID 20700 (D:\mydev_workspaces\workspace_nau693\demo-logback\target\classes started by Daniel X D SHAO in D:\mydev_workspaces\workspace_nau693\demo-logback)
2024-07-24 14:36:55.325 [restartedMain] INFO  com.example.demo.DemoApplication - No active profile set, falling back to 1 default profile: "default"
2024-07-24 14:36:55.427 [restartedMain] INFO  o.s.boot.web.embedded.tomcat.TomcatWebServer - Tomcat initialized with port 8080 (http)
2024-07-24 14:36:55.428 [restartedMain] INFO  org.apache.coyote.http11.Http11NioProtocol - Initializing ProtocolHandler ["http-nio-8080"]
2024-07-24 14:36:55.428 [restartedMain] INFO  org.apache.catalina.core.StandardService - Starting service [Tomcat]
2024-07-24 14:36:55.428 [restartedMain] INFO  org.apache.catalina.core.StandardEngine - Starting Servlet engine: [Apache Tomcat/10.1.26]
2024-07-24 14:36:55.449 [restartedMain] INFO  o.a.c.core.ContainerBase.[Tomcat].[localhost].[/] - Initializing Spring embedded WebApplicationContext
2024-07-24 14:36:55.449 [restartedMain] INFO  o.s.b.w.s.c.ServletWebServerApplicationContext - Root WebApplicationContext: initialization completed in 123 ms
2024-07-24 14:36:55.507 [restartedMain] INFO  o.s.b.d.autoconfigure.OptionalLiveReloadServer - LiveReload server is running on port 35729
2024-07-24 14:36:55.511 [restartedMain] INFO  org.apache.coyote.http11.Http11NioProtocol - Starting ProtocolHandler ["http-nio-8080"]
2024-07-24 14:36:55.515 [restartedMain] INFO  o.s.boot.web.embedded.tomcat.TomcatWebServer - Tomcat started on port 8080 (http) with context path '/'
2024-07-24 14:36:55.519 [restartedMain] INFO  com.example.demo.DemoApplication - Started DemoApplication in 0.222 seconds (process running for 754.219)
2024-07-24 14:36:55.520 [restartedMain] INFO  o.s.b.d.a.ConditionEvaluationDeltaLoggingListener - Condition evaluation unchanged
2024-07-24 14:37:04.952 [File Watcher] INFO  o.s.b.d.a.LocalDevToolsAutoConfiguration$RestartingClassPathChangeChangedEventListener - Restarting due to 3 class path changes (0 additions, 0 deletions, 3 modifications)
2024-07-24 14:37:04.954 [Thread-11] INFO  org.apache.coyote.http11.Http11NioProtocol - Stopping ProtocolHandler ["http-nio-8080"]
2024-07-24 14:37:05.524 [restartedMain] INFO  com.example.demo.DemoApplication - Starting DemoApplication using Java 17.0.8.1 with PID 20700 (D:\mydev_workspaces\workspace_nau693\demo-logback\target\classes started by Daniel X D SHAO in D:\mydev_workspaces\workspace_nau693\demo-logback)
2024-07-24 14:37:05.524 [restartedMain] INFO  com.example.demo.DemoApplication - No active profile set, falling back to 1 default profile: "default"
2024-07-24 14:37:05.622 [restartedMain] INFO  o.s.boot.web.embedded.tomcat.TomcatWebServer - Tomcat initialized with port 8080 (http)
2024-07-24 14:37:05.622 [restartedMain] INFO  org.apache.coyote.http11.Http11NioProtocol - Initializing ProtocolHandler ["http-nio-8080"]
2024-07-24 14:37:05.623 [restartedMain] INFO  org.apache.catalina.core.StandardService - Starting service [Tomcat]
2024-07-24 14:37:05.623 [restartedMain] INFO  org.apache.catalina.core.StandardEngine - Starting Servlet engine: [Apache Tomcat/10.1.26]
2024-07-24 14:37:05.643 [restartedMain] INFO  o.a.c.core.ContainerBase.[Tomcat].[localhost].[/] - Initializing Spring embedded WebApplicationContext
2024-07-24 14:37:05.643 [restartedMain] INFO  o.s.b.w.s.c.ServletWebServerApplicationContext - Root WebApplicationContext: initialization completed in 118 ms
2024-07-24 14:37:05.706 [restartedMain] INFO  o.s.b.d.autoconfigure.OptionalLiveReloadServer - LiveReload server is running on port 35729
2024-07-24 14:37:05.709 [restartedMain] INFO  org.apache.coyote.http11.Http11NioProtocol - Starting ProtocolHandler ["http-nio-8080"]
2024-07-24 14:37:05.713 [restartedMain] INFO  o.s.boot.web.embedded.tomcat.TomcatWebServer - Tomcat started on port 8080 (http) with context path '/'
2024-07-24 14:37:05.718 [restartedMain] INFO  com.example.demo.DemoApplication - Started DemoApplication in 0.215 seconds (process running for 764.418)
2024-07-24 14:37:05.719 [restartedMain] INFO  o.s.b.d.a.ConditionEvaluationDeltaLoggingListener - Condition evaluation unchanged
2024-07-24 14:37:47.009 [RMI TCP Connection(18)-127.0.0.1] INFO  o.s.b.a.SpringApplicationAdminMXBeanRegistrar$SpringApplicationAdmin - Application shutdown requested.
2024-07-24 14:37:47.010 [RMI TCP Connection(18)-127.0.0.1] INFO  org.apache.coyote.http11.Http11NioProtocol - Stopping ProtocolHandler ["http-nio-8080"]
